2025-05-14 00:59:19.709  INFO 42024 --- [restartedMain] com.demo.DemoApplication                 : Starting DemoApplication using Java 21.0.3 on DESKTOP-6K4M1V5 with PID 42024 (C:\Users\chandra sekhar\Documents\workspace-spring-tool-suite\Demo\Spring-Demo\target\classes started by chandra sekhar in C:\Users\chandra sekhar\Documents\workspace-spring-tool-suite\Demo\Spring-Demo)
2025-05-14 00:59:19.716  INFO 42024 --- [restartedMain] com.demo.DemoApplication                 : No active profile set, falling back to default profiles: default
2025-05-14 00:59:19.787  INFO 42024 --- [restartedMain] .e.DevToolsPropertyDefaultsPostProcessor : Devtools property defaults active! Set 'spring.devtools.add-properties' to 'false' to disable
2025-05-14 00:59:19.788  INFO 42024 --- [restartedMain] .e.DevToolsPropertyDefaultsPostProcessor : For additional web related logging consider setting the 'logging.level.web' property to 'DEBUG'
2025-05-14 00:59:21.047  INFO 42024 --- [restartedMain] .s.d.r.c.RepositoryConfigurationDelegate : Bootstrapping Spring Data JPA repositories in DEFAULT mode.
2025-05-14 00:59:21.098  INFO 42024 --- [restartedMain] .s.d.r.c.RepositoryConfigurationDelegate : Finished Spring Data repository scanning in 42 ms. Found 1 JPA repository interfaces.
2025-05-14 00:59:21.691  INFO 42024 --- [restartedMain] o.s.b.w.embedded.tomcat.TomcatWebServer  : Tomcat initialized with port(s): 8080 (http)
2025-05-14 00:59:21.702  INFO 42024 --- [restartedMain] o.apache.catalina.core.StandardService   : Starting service [Tomcat]
2025-05-14 00:59:21.703  INFO 42024 --- [restartedMain] org.apache.catalina.core.StandardEngine  : Starting Servlet engine: [Apache Tomcat/9.0.55]
2025-05-14 00:59:22.020  INFO 42024 --- [restartedMain] org.apache.jasper.servlet.TldScanner     : At least one JAR was scanned for TLDs yet contained no TLDs. Enable debug logging for this logger for a complete list of JARs that were scanned but no TLDs were found in them. Skipping unneeded JARs during scanning can improve startup time and JSP compilation time.
2025-05-14 00:59:22.025  INFO 42024 --- [restartedMain] o.a.c.c.C.[Tomcat].[localhost].[/]       : Initializing Spring embedded WebApplicationContext
2025-05-14 00:59:22.025  INFO 42024 --- [restartedMain] w.s.c.ServletWebServerApplicationContext : Root WebApplicationContext: initialization completed in 2236 ms
2025-05-14 00:59:22.200  INFO 42024 --- [restartedMain] o.hibernate.jpa.internal.util.LogHelper  : HHH000204: Processing PersistenceUnitInfo [name: default]
2025-05-14 00:59:22.277  INFO 42024 --- [restartedMain] org.hibernate.Version                    : HHH000412: Hibernate ORM core version 5.4.32.Final
2025-05-14 00:59:22.437  INFO 42024 --- [restartedMain] o.hibernate.annotations.common.Version   : HCANN000001: Hibernate Commons Annotations {5.1.2.Final}
2025-05-14 00:59:22.551  INFO 42024 --- [restartedMain] com.zaxxer.hikari.HikariDataSource       : HikariPool-1 - Starting...
2025-05-14 00:59:22.965  INFO 42024 --- [restartedMain] com.zaxxer.hikari.HikariDataSource       : HikariPool-1 - Start completed.
2025-05-14 00:59:23.007  INFO 42024 --- [restartedMain] org.hibernate.dialect.Dialect            : HHH000400: Using dialect: org.hibernate.dialect.MySQL8Dialect
2025-05-14 00:59:23.822  INFO 42024 --- [restartedMain] o.h.e.t.j.p.i.JtaPlatformInitiator       : HHH000490: Using JtaPlatform implementation: [org.hibernate.engine.transaction.jta.platform.internal.NoJtaPlatform]
2025-05-14 00:59:23.833  INFO 42024 --- [restartedMain] j.LocalContainerEntityManagerFactoryBean : Initialized JPA EntityManagerFactory for persistence unit 'default'
2025-05-14 00:59:23.873  INFO 42024 --- [restartedMain] o.s.b.d.a.OptionalLiveReloadServer       : LiveReload server is running on port 35729
2025-05-14 00:59:24.288  WARN 42024 --- [restartedMain] JpaBaseConfiguration$JpaWebConfiguration : spring.jpa.open-in-view is enabled by default. Therefore, database queries may be performed during view rendering. Explicitly configure spring.jpa.open-in-view to disable this warning
2025-05-14 00:59:24.634  INFO 42024 --- [restartedMain] o.s.b.w.embedded.tomcat.TomcatWebServer  : Tomcat started on port(s): 8080 (http) with context path ''
2025-05-14 00:59:24.645  INFO 42024 --- [restartedMain] com.demo.DemoApplication                 : Started DemoApplication in 5.445 seconds (JVM running for 6.467)
2025-05-14 00:59:24.774  INFO 42024 --- [http-nio-8080-exec-1] o.a.c.c.C.[Tomcat].[localhost].[/]       : Initializing Spring DispatcherServlet 'dispatcherServlet'
2025-05-14 00:59:24.775  INFO 42024 --- [http-nio-8080-exec-1] o.s.web.servlet.DispatcherServlet        : Initializing Servlet 'dispatcherServlet'
2025-05-14 00:59:24.776  INFO 42024 --- [http-nio-8080-exec-1] o.s.web.servlet.DispatcherServlet        : Completed initialization in 1 ms
2025-05-14 01:06:50.941  INFO 42024 --- [RMI TCP Connection(11)-127.0.0.1] inMXBeanRegistrar$SpringApplicationAdmin : Application shutdown requested.
2025-05-14 01:06:51.196  INFO 42024 --- [RMI TCP Connection(11)-127.0.0.1] j.LocalContainerEntityManagerFactoryBean : Closing JPA EntityManagerFactory for persistence unit 'default'
2025-05-14 01:06:51.238  INFO 42024 --- [RMI TCP Connection(11)-127.0.0.1] com.zaxxer.hikari.HikariDataSource       : HikariPool-1 - Shutdown initiated...
2025-05-14 01:06:51.287  INFO 42024 --- [RMI TCP Connection(11)-127.0.0.1] com.zaxxer.hikari.HikariDataSource       : HikariPool-1 - Shutdown completed.
